<?xml version="1.0" encoding="UTF-8"?>
<testng-results ignored="0" total="5" passed="5" failed="0" skipped="0">
  <reporter-output>
  </reporter-output>
  <suite started-at="2025-05-03T14:43:38 IST" name="Default suite" finished-at="2025-05-03T14:44:12 IST" duration-ms="33790">
    <groups>
    </groups>
    <test started-at="2025-05-03T14:43:38 IST" name="Default test" finished-at="2025-05-03T14:44:12 IST" duration-ms="33790">
      <class name="Login.LoginMain">
        <test-method is-config="true" signature="beforeTest()[pri:0, instance:Login.LoginMain@7f0eb4b4]" started-at="2025-05-03T14:43:38 IST" name="beforeTest" finished-at="2025-05-03T14:43:47 IST" duration-ms="9180" status="PASS">
          <reporter-output>
          </reporter-output>
        </test-method> <!-- beforeTest -->
        <test-method signature="login(java.lang.Object,java.lang.Object)[pri:0, instance:Login.LoginMain@7f0eb4b4]" started-at="2025-05-03T14:43:49 IST" name="login" data-provider="data-provider" finished-at="2025-05-03T14:43:53 IST" duration-ms="4056" status="PASS">
          <params>
            <param index="0">
              <value>
                <![CDATA[Admin]]>
              </value>
            </param>
            <param index="1">
              <value>
                <![CDATA[admin123]]>
              </value>
            </param>
          </params>
          <reporter-output>
          </reporter-output>
        </test-method> <!-- login -->
        <test-method signature="login(java.lang.Object,java.lang.Object)[pri:0, instance:Login.LoginMain@7f0eb4b4]" started-at="2025-05-03T14:43:53 IST" name="login" data-provider="data-provider" finished-at="2025-05-03T14:43:57 IST" duration-ms="3708" status="PASS">
          <params>
            <param index="0">
              <value>
                <![CDATA[Test]]>
              </value>
            </param>
            <param index="1">
              <value>
                <![CDATA[admin123]]>
              </value>
            </param>
          </params>
          <reporter-output>
          </reporter-output>
        </test-method> <!-- login -->
        <test-method signature="login(java.lang.Object,java.lang.Object)[pri:0, instance:Login.LoginMain@7f0eb4b4]" started-at="2025-05-03T14:43:57 IST" name="login" data-provider="data-provider" finished-at="2025-05-03T14:44:02 IST" duration-ms="4783" status="PASS">
          <params>
            <param index="0">
              <value>
                <![CDATA[Admin ]]>
              </value>
            </param>
            <param index="1">
              <value>
                <![CDATA[Test123]]>
              </value>
            </param>
          </params>
          <reporter-output>
          </reporter-output>
        </test-method> <!-- login -->
        <test-method signature="login(java.lang.Object,java.lang.Object)[pri:0, instance:Login.LoginMain@7f0eb4b4]" started-at="2025-05-03T14:44:02 IST" name="login" data-provider="data-provider" finished-at="2025-05-03T14:44:05 IST" duration-ms="3119" status="PASS">
          <params>
            <param index="0">
              <value>
                <![CDATA[Test]]>
              </value>
            </param>
            <param index="1">
              <value>
                <![CDATA[Test123]]>
              </value>
            </param>
          </params>
          <reporter-output>
          </reporter-output>
        </test-method> <!-- login -->
        <test-method signature="login(java.lang.Object,java.lang.Object)[pri:0, instance:Login.LoginMain@7f0eb4b4]" started-at="2025-05-03T14:44:05 IST" name="login" data-provider="data-provider" finished-at="2025-05-03T14:44:11 IST" duration-ms="5722" status="PASS">
          <params>
            <param index="0">
              <value>
                <![CDATA[Admin]]>
              </value>
            </param>
            <param index="1">
              <value>
                <![CDATA[admin123]]>
              </value>
            </param>
          </params>
          <reporter-output>
          </reporter-output>
        </test-method> <!-- login -->
        <test-method is-config="true" signature="afterTest()[pri:0, instance:Login.LoginMain@7f0eb4b4]" started-at="2025-05-03T14:44:11 IST" name="afterTest" finished-at="2025-05-03T14:44:12 IST" duration-ms="1183" status="PASS">
          <reporter-output>
          </reporter-output>
        </test-method> <!-- afterTest -->
      </class> <!-- Login.LoginMain -->
    </test> <!-- Default test -->
  </suite> <!-- Default suite -->
</testng-results>
