<?xml version="1.0" encoding="UTF-8"?>
<!-- Generated by org.testng.reporters.JUnitReportReporter -->
<testsuite hostname="LAPTOP-SOJBC8TS" failures="0" tests="5" name="Login.LoginMain" time="21.388" errors="0" timestamp="2025-05-03T14:44:12 IST" skipped="0">
  <testcase classname="Login.LoginMain" name="login" time="5.722"/>
  <system-out/>
  <testcase classname="Login.LoginMain" name="login" time="3.708"/>
  <system-out/>
  <testcase classname="Login.LoginMain" name="login" time="4.056"/>
  <system-out/>
  <testcase classname="Login.LoginMain" name="login" time="4.783"/>
  <system-out/>
  <testcase classname="Login.LoginMain" name="login" time="3.119"/>
  <system-out/>
</testsuite> <!-- Login.LoginMain -->
