<?xml version="1.0" encoding="UTF-8"?>
<!-- Generated by org.testng.reporters.JUnitXMLReporter -->
<testsuite ignored="0" hostname="LAPTOP-SOJBC8TS" failures="0" tests="5" name="Default test" time="33.79" errors="0" timestamp="2025-05-03T14:44:12 IST">
  <testcase classname="Login.LoginMain" name="login" time="4.056"/>
  <testcase classname="Login.LoginMain" name="login" time="3.708"/>
  <testcase classname="Login.LoginMain" name="login" time="4.783"/>
  <testcase classname="Login.LoginMain" name="login" time="3.119"/>
  <testcase classname="Login.LoginMain" name="login" time="5.722"/>
</testsuite> <!-- Default test -->
